2023-08-25 10:42:12.6145|0|INFO|Microsoft.Hosting.Lifetime|Application started. Press Ctrl+C to shut down. |url: |action: |Microsoft.Extensions.Hosting.Internal.ConsoleLifetime.OnApplicationStarted
2023-08-25 10:42:12.6314|0|INFO|Microsoft.Hosting.Lifetime|Hosting environment: Development |url: |action: |Microsoft.Extensions.Hosting.Internal.ConsoleLifetime.OnApplicationStarted
2023-08-25 10:42:12.6314|0|INFO|Microsoft.Hosting.Lifetime|Content root path: E:\VS2022\ToDoList\ToDoList |url: |action: |Microsoft.Extensions.Hosting.Internal.ApplicationLifetime.NotifyStarted
2023-08-25 10:42:13.9726|0|INFO|ToDoList.Service.Implementations.TaskService|Request for get all tasks |url: https://localhost/|action: TaskForm|ToDoList.Service.Implementations.TaskService.GetAll
2023-08-25 10:42:13.9726|0|INFO|ToDoList.Service.Implementations.TaskService|Get tasks: 25.08.2023 10:42:13 |url: https://localhost/|action: TaskForm|ToDoList.Service.Implementations.TaskService.GetAll
2023-08-25 10:42:29.2574|0|INFO|ToDoList.Service.Implementations.AccountService|Request for login a user: Lavenka |url: https://localhost/Account/Login|action: Login|ToDoList.Service.Implementations.AccountService.Login
2023-08-25 10:42:29.4600|0|INFO|ToDoList.Service.Implementations.AccountService|User logined: Lavenka |url: https://localhost/Account/Login|action: Login|ToDoList.Service.Implementations.AccountService.Login
2023-08-25 10:42:29.4719|0|INFO|ToDoList.Service.Implementations.TaskService|Request for get all tasks |url: https://localhost/|action: TaskForm|ToDoList.Service.Implementations.TaskService.GetAll
2023-08-25 10:42:29.4719|0|INFO|ToDoList.Service.Implementations.TaskService|Get tasks: 25.08.2023 10:42:29 |url: https://localhost/|action: TaskForm|ToDoList.Service.Implementations.TaskService.GetAll
2023-08-25 10:42:31.0963|0|INFO|ToDoList.Service.Implementations.TaskService|Request for get all tasks |url: https://localhost/|action: TaskForm|ToDoList.Service.Implementations.TaskService.GetAll
2023-08-25 10:42:31.1132|0|INFO|ToDoList.Service.Implementations.TaskService|Get tasks: 25.08.2023 10:42:31 |url: https://localhost/|action: TaskForm|ToDoList.Service.Implementations.TaskService.GetAll
2023-08-25 10:46:36.0661|0|INFO|ToDoList.Service.Implementations.TaskService|Request for get all tasks |url: https://localhost/|action: TaskForm|ToDoList.Service.Implementations.TaskService.GetAll
2023-08-25 10:46:36.0661|0|INFO|ToDoList.Service.Implementations.TaskService|Get tasks: 25.08.2023 10:46:36 |url: https://localhost/|action: TaskForm|ToDoList.Service.Implementations.TaskService.GetAll
2023-08-25 10:47:21.4632|0|INFO|Microsoft.Hosting.Lifetime|Application started. Press Ctrl+C to shut down. |url: |action: |Microsoft.Extensions.Hosting.Internal.ConsoleLifetime.OnApplicationStarted
2023-08-25 10:47:21.4809|0|INFO|Microsoft.Hosting.Lifetime|Hosting environment: Development |url: |action: |Microsoft.Extensions.Hosting.Internal.ConsoleLifetime.OnApplicationStarted
2023-08-25 10:47:21.4809|0|INFO|Microsoft.Hosting.Lifetime|Content root path: E:\VS2022\ToDoList\ToDoList |url: |action: |Microsoft.Extensions.Hosting.Internal.ApplicationLifetime.NotifyStarted
2023-08-25 10:47:22.3314|0|INFO|ToDoList.Service.Implementations.TaskService|Request for get all tasks |url: https://localhost/|action: TaskForm|ToDoList.Service.Implementations.TaskService.GetAll
2023-08-25 10:47:22.3314|0|INFO|ToDoList.Service.Implementations.TaskService|Get tasks: 25.08.2023 10:47:22 |url: https://localhost/|action: TaskForm|ToDoList.Service.Implementations.TaskService.GetAll
2023-08-25 10:48:27.6947|0|INFO|ToDoList.Service.Implementations.TaskService|Request for end a task - Buy lox |url: https://localhost/Task/EndTask/30010|action: EndTask|ToDoList.Service.Implementations.TaskService.EndTask
2023-08-25 10:48:27.8348|0|INFO|ToDoList.Service.Implementations.TaskService|End task: Buy lox 24.08.2023 15:09:12 |url: https://localhost/Task/EndTask/30010|action: EndTask|ToDoList.Service.Implementations.TaskService.EndTask
2023-08-25 10:48:27.9114|0|INFO|ToDoList.Service.Implementations.TaskService|Request for get all tasks |url: https://localhost/|action: TaskForm|ToDoList.Service.Implementations.TaskService.GetAll
2023-08-25 10:48:27.9114|0|INFO|ToDoList.Service.Implementations.TaskService|Get tasks: 25.08.2023 10:48:27 |url: https://localhost/|action: TaskForm|ToDoList.Service.Implementations.TaskService.GetAll
2023-08-25 10:48:31.9873|0|INFO|ToDoList.Service.Implementations.TaskService|Request for get all tasks |url: https://localhost/|action: TaskForm|ToDoList.Service.Implementations.TaskService.GetAll
2023-08-25 10:48:31.9873|0|INFO|ToDoList.Service.Implementations.TaskService|Get tasks: 25.08.2023 10:48:31 |url: https://localhost/|action: TaskForm|ToDoList.Service.Implementations.TaskService.GetAll
2023-08-25 10:48:39.0382|0|INFO|Microsoft.Hosting.Lifetime|Application started. Press Ctrl+C to shut down. |url: |action: |Microsoft.Extensions.Hosting.Internal.ConsoleLifetime.OnApplicationStarted
2023-08-25 10:48:39.0509|0|INFO|Microsoft.Hosting.Lifetime|Hosting environment: Development |url: |action: |Microsoft.Extensions.Hosting.Internal.ConsoleLifetime.OnApplicationStarted
2023-08-25 10:48:39.0509|0|INFO|Microsoft.Hosting.Lifetime|Content root path: E:\VS2022\ToDoList\ToDoList |url: |action: |Microsoft.Extensions.Hosting.Internal.ApplicationLifetime.NotifyStarted
2023-08-25 10:48:39.9002|0|INFO|ToDoList.Service.Implementations.TaskService|Request for get all tasks |url: https://localhost/|action: TaskForm|ToDoList.Service.Implementations.TaskService.GetAll
2023-08-25 10:48:39.9002|0|INFO|ToDoList.Service.Implementations.TaskService|Get tasks: 25.08.2023 10:48:39 |url: https://localhost/|action: TaskForm|ToDoList.Service.Implementations.TaskService.GetAll
2023-08-25 10:49:54.8938|0|INFO|Microsoft.Hosting.Lifetime|Application started. Press Ctrl+C to shut down. |url: |action: |Microsoft.Extensions.Hosting.Internal.ConsoleLifetime.OnApplicationStarted
2023-08-25 10:49:54.8938|0|INFO|Microsoft.Hosting.Lifetime|Hosting environment: Development |url: |action: |Microsoft.Extensions.Hosting.Internal.ConsoleLifetime.OnApplicationStarted
2023-08-25 10:49:54.8938|0|INFO|Microsoft.Hosting.Lifetime|Content root path: E:\VS2022\ToDoList\ToDoList |url: |action: |Microsoft.Extensions.Hosting.Internal.ApplicationLifetime.NotifyStarted
2023-08-25 10:49:55.7864|0|INFO|ToDoList.Service.Implementations.TaskService|Request for get all tasks |url: https://localhost/|action: TaskForm|ToDoList.Service.Implementations.TaskService.GetAll
2023-08-25 10:49:55.7864|0|INFO|ToDoList.Service.Implementations.TaskService|Get tasks: 25.08.2023 10:49:55 |url: https://localhost/|action: TaskForm|ToDoList.Service.Implementations.TaskService.GetAll
2023-08-25 10:50:36.8891|0|INFO|Microsoft.Hosting.Lifetime|Application started. Press Ctrl+C to shut down. |url: |action: |Microsoft.Extensions.Hosting.Internal.ConsoleLifetime.OnApplicationStarted
2023-08-25 10:50:36.9064|0|INFO|Microsoft.Hosting.Lifetime|Hosting environment: Development |url: |action: |Microsoft.Extensions.Hosting.Internal.ConsoleLifetime.OnApplicationStarted
2023-08-25 10:50:36.9064|0|INFO|Microsoft.Hosting.Lifetime|Content root path: E:\VS2022\ToDoList\ToDoList |url: |action: |Microsoft.Extensions.Hosting.Internal.ApplicationLifetime.NotifyStarted
2023-08-25 10:50:37.7811|0|INFO|ToDoList.Service.Implementations.TaskService|Request for get all tasks |url: https://localhost/|action: TaskForm|ToDoList.Service.Implementations.TaskService.GetAll
2023-08-25 10:50:37.7844|0|INFO|ToDoList.Service.Implementations.TaskService|Get tasks: 25.08.2023 10:50:37 |url: https://localhost/|action: TaskForm|ToDoList.Service.Implementations.TaskService.GetAll
2023-08-25 10:50:51.0665|0|INFO|ToDoList.Service.Implementations.TaskService|Request for create a task - Покупка продуктов |url: https://localhost/Task/Create|action: Create|ToDoList.Service.Implementations.TaskService.Create
2023-08-25 10:50:51.3196|0|INFO|ToDoList.Service.Implementations.TaskService|Task created: Покупка продуктов 25.08.2023 10:50:51 |url: https://localhost/Task/Create|action: Create|ToDoList.Service.Implementations.TaskService.Create
2023-08-25 10:50:53.4780|0|INFO|ToDoList.Service.Implementations.TaskService|Request for get all tasks |url: https://localhost/|action: TaskForm|ToDoList.Service.Implementations.TaskService.GetAll
2023-08-25 10:50:53.4780|0|INFO|ToDoList.Service.Implementations.TaskService|Get tasks: 25.08.2023 10:50:53 |url: https://localhost/|action: TaskForm|ToDoList.Service.Implementations.TaskService.GetAll
2023-08-25 10:52:56.4006|0|INFO|Microsoft.Hosting.Lifetime|Application started. Press Ctrl+C to shut down. |url: |action: |Microsoft.Extensions.Hosting.Internal.ConsoleLifetime.OnApplicationStarted
2023-08-25 10:52:56.4193|0|INFO|Microsoft.Hosting.Lifetime|Hosting environment: Development |url: |action: |Microsoft.Extensions.Hosting.Internal.ConsoleLifetime.OnApplicationStarted
2023-08-25 10:52:56.4193|0|INFO|Microsoft.Hosting.Lifetime|Content root path: E:\VS2022\ToDoList\ToDoList |url: |action: |Microsoft.Extensions.Hosting.Internal.ApplicationLifetime.NotifyStarted
2023-08-25 10:52:57.3007|0|INFO|ToDoList.Service.Implementations.TaskService|Request for get all tasks |url: https://localhost/|action: TaskForm|ToDoList.Service.Implementations.TaskService.GetAll
2023-08-25 10:52:57.3007|0|INFO|ToDoList.Service.Implementations.TaskService|Get tasks: 25.08.2023 10:52:57 |url: https://localhost/|action: TaskForm|ToDoList.Service.Implementations.TaskService.GetAll
2023-08-25 10:53:06.8334|0|INFO|ToDoList.Service.Implementations.TaskService|Request for end a task - Покупка продуктов |url: https://localhost/Task/EndTask/30011|action: EndTask|ToDoList.Service.Implementations.TaskService.EndTask
2023-08-25 10:53:06.8940|0|INFO|ToDoList.Service.Implementations.TaskService|End task: Покупка продуктов 25.08.2023 10:50:51 |url: https://localhost/Task/EndTask/30011|action: EndTask|ToDoList.Service.Implementations.TaskService.EndTask
2023-08-25 10:53:06.9560|0|INFO|ToDoList.Service.Implementations.TaskService|Request for get all tasks |url: https://localhost/|action: TaskForm|ToDoList.Service.Implementations.TaskService.GetAll
2023-08-25 10:53:06.9560|0|INFO|ToDoList.Service.Implementations.TaskService|Get tasks: 25.08.2023 10:53:06 |url: https://localhost/|action: TaskForm|ToDoList.Service.Implementations.TaskService.GetAll
2023-08-25 10:53:35.8090|0|INFO|Microsoft.Hosting.Lifetime|Application started. Press Ctrl+C to shut down. |url: |action: |Microsoft.Extensions.Hosting.Internal.ConsoleLifetime.OnApplicationStarted
2023-08-25 10:53:35.8273|0|INFO|Microsoft.Hosting.Lifetime|Hosting environment: Development |url: |action: |Microsoft.Extensions.Hosting.Internal.ConsoleLifetime.OnApplicationStarted
2023-08-25 10:53:35.8273|0|INFO|Microsoft.Hosting.Lifetime|Content root path: E:\VS2022\ToDoList\ToDoList |url: |action: |Microsoft.Extensions.Hosting.Internal.ApplicationLifetime.NotifyStarted
2023-08-25 10:53:36.7312|0|INFO|ToDoList.Service.Implementations.TaskService|Request for get all tasks |url: https://localhost/|action: TaskForm|ToDoList.Service.Implementations.TaskService.GetAll
2023-08-25 10:53:36.7385|0|INFO|ToDoList.Service.Implementations.TaskService|Get tasks: 25.08.2023 10:53:36 |url: https://localhost/|action: TaskForm|ToDoList.Service.Implementations.TaskService.GetAll
2023-08-25 10:55:06.5036|0|INFO|Microsoft.Hosting.Lifetime|Application started. Press Ctrl+C to shut down. |url: |action: |Microsoft.Extensions.Hosting.Internal.ConsoleLifetime.OnApplicationStarted
2023-08-25 10:55:06.5036|0|INFO|Microsoft.Hosting.Lifetime|Hosting environment: Development |url: |action: |Microsoft.Extensions.Hosting.Internal.ConsoleLifetime.OnApplicationStarted
2023-08-25 10:55:06.5036|0|INFO|Microsoft.Hosting.Lifetime|Content root path: E:\VS2022\ToDoList\ToDoList |url: |action: |Microsoft.Extensions.Hosting.Internal.ApplicationLifetime.NotifyStarted
2023-08-25 10:55:07.3747|0|INFO|ToDoList.Service.Implementations.TaskService|Request for get all tasks |url: https://localhost/|action: TaskForm|ToDoList.Service.Implementations.TaskService.GetAll
2023-08-25 10:55:07.3785|0|INFO|ToDoList.Service.Implementations.TaskService|Get tasks: 25.08.2023 10:55:07 |url: https://localhost/|action: TaskForm|ToDoList.Service.Implementations.TaskService.GetAll
2023-08-25 10:56:47.1432|0|INFO|Microsoft.Hosting.Lifetime|Application started. Press Ctrl+C to shut down. |url: |action: |Microsoft.Extensions.Hosting.Internal.ConsoleLifetime.OnApplicationStarted
2023-08-25 10:56:47.1591|0|INFO|Microsoft.Hosting.Lifetime|Hosting environment: Development |url: |action: |Microsoft.Extensions.Hosting.Internal.ConsoleLifetime.OnApplicationStarted
2023-08-25 10:56:47.1591|0|INFO|Microsoft.Hosting.Lifetime|Content root path: E:\VS2022\ToDoList\ToDoList |url: |action: |Microsoft.Extensions.Hosting.Internal.ApplicationLifetime.NotifyStarted
2023-08-25 10:56:48.0096|0|INFO|ToDoList.Service.Implementations.TaskService|Request for get all tasks |url: https://localhost/|action: TaskForm|ToDoList.Service.Implementations.TaskService.GetAll
2023-08-25 10:56:48.0096|0|INFO|ToDoList.Service.Implementations.TaskService|Get tasks: 25.08.2023 10:56:48 |url: https://localhost/|action: TaskForm|ToDoList.Service.Implementations.TaskService.GetAll
2023-08-25 10:57:44.2891|0|INFO|ToDoList.Service.Implementations.TaskService|Request for create a task - ToDoList 25.08 |url: https://localhost/Task/Create|action: Create|ToDoList.Service.Implementations.TaskService.Create
2023-08-25 10:57:44.4253|0|INFO|ToDoList.Service.Implementations.TaskService|Task created: ToDoList 25.08 25.08.2023 10:57:44 |url: https://localhost/Task/Create|action: Create|ToDoList.Service.Implementations.TaskService.Create
2023-08-25 10:57:47.1924|0|INFO|ToDoList.Service.Implementations.TaskService|Request for get all tasks |url: https://localhost/|action: TaskForm|ToDoList.Service.Implementations.TaskService.GetAll
2023-08-25 10:57:47.1924|0|INFO|ToDoList.Service.Implementations.TaskService|Get tasks: 25.08.2023 10:57:47 |url: https://localhost/|action: TaskForm|ToDoList.Service.Implementations.TaskService.GetAll
2023-08-25 10:59:13.8511|0|INFO|Microsoft.Hosting.Lifetime|Application started. Press Ctrl+C to shut down. |url: |action: |Microsoft.Extensions.Hosting.Internal.ConsoleLifetime.OnApplicationStarted
2023-08-25 10:59:13.8664|0|INFO|Microsoft.Hosting.Lifetime|Hosting environment: Development |url: |action: |Microsoft.Extensions.Hosting.Internal.ConsoleLifetime.OnApplicationStarted
2023-08-25 10:59:13.8664|0|INFO|Microsoft.Hosting.Lifetime|Content root path: E:\VS2022\ToDoList\ToDoList |url: |action: |Microsoft.Extensions.Hosting.Internal.ApplicationLifetime.NotifyStarted
2023-08-25 10:59:14.7321|0|INFO|ToDoList.Service.Implementations.TaskService|Request for get all tasks |url: https://localhost/|action: TaskForm|ToDoList.Service.Implementations.TaskService.GetAll
2023-08-25 10:59:14.7396|0|INFO|ToDoList.Service.Implementations.TaskService|Get tasks: 25.08.2023 10:59:14 |url: https://localhost/|action: TaskForm|ToDoList.Service.Implementations.TaskService.GetAll
2023-08-25 11:00:23.6105|0|INFO|Microsoft.Hosting.Lifetime|Application started. Press Ctrl+C to shut down. |url: |action: |Microsoft.Extensions.Hosting.Internal.ConsoleLifetime.OnApplicationStarted
2023-08-25 11:00:23.6238|0|INFO|Microsoft.Hosting.Lifetime|Hosting environment: Development |url: |action: |Microsoft.Extensions.Hosting.Internal.ConsoleLifetime.OnApplicationStarted
2023-08-25 11:00:23.6238|0|INFO|Microsoft.Hosting.Lifetime|Content root path: E:\VS2022\ToDoList\ToDoList |url: |action: |Microsoft.Extensions.Hosting.Internal.ApplicationLifetime.NotifyStarted
2023-08-25 11:00:24.4576|0|INFO|ToDoList.Service.Implementations.TaskService|Request for get all tasks |url: https://localhost/|action: TaskForm|ToDoList.Service.Implementations.TaskService.GetAll
2023-08-25 11:00:24.4576|0|INFO|ToDoList.Service.Implementations.TaskService|Get tasks: 25.08.2023 11:00:24 |url: https://localhost/|action: TaskForm|ToDoList.Service.Implementations.TaskService.GetAll
2023-08-25 11:00:57.4899|0|INFO|ToDoList.Service.Implementations.TaskService|Request for end a task - Покупка продуктов |url: https://localhost/Task/EndTask/30011|action: EndTask|ToDoList.Service.Implementations.TaskService.EndTask
2023-08-25 11:00:57.5494|0|INFO|ToDoList.Service.Implementations.TaskService|End task: Покупка продуктов 25.08.2023 10:50:51 |url: https://localhost/Task/EndTask/30011|action: EndTask|ToDoList.Service.Implementations.TaskService.EndTask
2023-08-25 11:00:57.6171|0|INFO|ToDoList.Service.Implementations.TaskService|Request for get all tasks |url: https://localhost/|action: TaskForm|ToDoList.Service.Implementations.TaskService.GetAll
2023-08-25 11:00:57.6171|0|INFO|ToDoList.Service.Implementations.TaskService|Get tasks: 25.08.2023 11:00:57 |url: https://localhost/|action: TaskForm|ToDoList.Service.Implementations.TaskService.GetAll
2023-08-25 11:02:59.3533|0|INFO|Microsoft.Hosting.Lifetime|Application started. Press Ctrl+C to shut down. |url: |action: |Microsoft.Extensions.Hosting.Internal.ConsoleLifetime.OnApplicationStarted
2023-08-25 11:02:59.3691|0|INFO|Microsoft.Hosting.Lifetime|Hosting environment: Development |url: |action: |Microsoft.Extensions.Hosting.Internal.ConsoleLifetime.OnApplicationStarted
2023-08-25 11:02:59.3691|0|INFO|Microsoft.Hosting.Lifetime|Content root path: E:\VS2022\ToDoList\ToDoList |url: |action: |Microsoft.Extensions.Hosting.Internal.ApplicationLifetime.NotifyStarted
2023-08-25 11:03:00.2442|0|INFO|ToDoList.Service.Implementations.TaskService|Request for get all tasks |url: https://localhost/|action: TaskForm|ToDoList.Service.Implementations.TaskService.GetAll
2023-08-25 11:03:00.2442|0|INFO|ToDoList.Service.Implementations.TaskService|Get tasks: 25.08.2023 11:03:00 |url: https://localhost/|action: TaskForm|ToDoList.Service.Implementations.TaskService.GetAll
2023-08-25 11:06:13.1595|0|INFO|ToDoList.Service.Implementations.TaskService|Request for create a task - Саша Пономарев |url: https://localhost/Task/Create|action: Create|ToDoList.Service.Implementations.TaskService.Create
2023-08-25 11:06:13.3001|0|INFO|ToDoList.Service.Implementations.TaskService|Task created: Саша Пономарев 25.08.2023 11:06:13 |url: https://localhost/Task/Create|action: Create|ToDoList.Service.Implementations.TaskService.Create
2023-08-25 11:06:14.9724|0|INFO|ToDoList.Service.Implementations.TaskService|Request for get all tasks |url: https://localhost/|action: TaskForm|ToDoList.Service.Implementations.TaskService.GetAll
2023-08-25 11:06:14.9724|0|INFO|ToDoList.Service.Implementations.TaskService|Get tasks: 25.08.2023 11:06:14 |url: https://localhost/|action: TaskForm|ToDoList.Service.Implementations.TaskService.GetAll
2023-08-25 11:06:33.1956|0|INFO|ToDoList.Service.Implementations.TaskService|Request for create a task - ghjfjghf |url: https://localhost/Task/Create|action: Create|ToDoList.Service.Implementations.TaskService.Create
2023-08-25 11:06:33.2072|0|INFO|ToDoList.Service.Implementations.TaskService|Task created: ghjfjghf 25.08.2023 11:06:33 |url: https://localhost/Task/Create|action: Create|ToDoList.Service.Implementations.TaskService.Create
2023-08-25 11:06:35.1392|0|INFO|ToDoList.Service.Implementations.TaskService|Request for get all tasks |url: https://localhost/|action: TaskForm|ToDoList.Service.Implementations.TaskService.GetAll
2023-08-25 11:06:35.1446|0|INFO|ToDoList.Service.Implementations.TaskService|Get tasks: 25.08.2023 11:06:35 |url: https://localhost/|action: TaskForm|ToDoList.Service.Implementations.TaskService.GetAll
2023-08-25 11:07:06.8181|0|INFO|ToDoList.Service.Implementations.TaskService|Request for delete a task - ghjfjghf |url: https://localhost/Task/Delete/30014|action: Delete|ToDoList.Service.Implementations.TaskService.Delete
2023-08-25 11:07:06.8181|0|INFO|ToDoList.Service.Implementations.TaskService|Task deleted: ghjfjghf 25.08.2023 11:06:33 |url: https://localhost/Task/Delete/30014|action: Delete|ToDoList.Service.Implementations.TaskService.Delete
2023-08-25 11:07:06.8313|0|INFO|ToDoList.Service.Implementations.TaskService|Request for get all tasks |url: https://localhost/|action: TaskForm|ToDoList.Service.Implementations.TaskService.GetAll
2023-08-25 11:07:06.8313|0|INFO|ToDoList.Service.Implementations.TaskService|Get tasks: 25.08.2023 11:07:06 |url: https://localhost/|action: TaskForm|ToDoList.Service.Implementations.TaskService.GetAll
2023-08-25 11:07:58.4094|0|INFO|ToDoList.Service.Implementations.TaskService|Request for end a task - ToDoList 25.08 |url: https://localhost/Task/EndTask/30012|action: EndTask|ToDoList.Service.Implementations.TaskService.EndTask
2023-08-25 11:07:58.4094|0|INFO|ToDoList.Service.Implementations.TaskService|End task: ToDoList 25.08 25.08.2023 10:57:44 |url: https://localhost/Task/EndTask/30012|action: EndTask|ToDoList.Service.Implementations.TaskService.EndTask
2023-08-25 11:07:58.4250|0|INFO|ToDoList.Service.Implementations.TaskService|Request for get all tasks |url: https://localhost/|action: TaskForm|ToDoList.Service.Implementations.TaskService.GetAll
2023-08-25 11:07:58.4250|0|INFO|ToDoList.Service.Implementations.TaskService|Get tasks: 25.08.2023 11:07:58 |url: https://localhost/|action: TaskForm|ToDoList.Service.Implementations.TaskService.GetAll
2023-08-25 11:08:11.7483|0|INFO|Microsoft.Hosting.Lifetime|Application started. Press Ctrl+C to shut down. |url: |action: |Microsoft.Extensions.Hosting.Internal.ConsoleLifetime.OnApplicationStarted
2023-08-25 11:08:11.7642|0|INFO|Microsoft.Hosting.Lifetime|Hosting environment: Development |url: |action: |Microsoft.Extensions.Hosting.Internal.ConsoleLifetime.OnApplicationStarted
2023-08-25 11:08:11.7642|0|INFO|Microsoft.Hosting.Lifetime|Content root path: E:\VS2022\ToDoList\ToDoList |url: |action: |Microsoft.Extensions.Hosting.Internal.ApplicationLifetime.NotifyStarted
2023-08-25 11:08:12.6061|0|INFO|ToDoList.Service.Implementations.TaskService|Request for get all tasks |url: https://localhost/|action: TaskForm|ToDoList.Service.Implementations.TaskService.GetAll
2023-08-25 11:08:12.6131|0|INFO|ToDoList.Service.Implementations.TaskService|Get tasks: 25.08.2023 11:08:12 |url: https://localhost/|action: TaskForm|ToDoList.Service.Implementations.TaskService.GetAll
2023-08-25 11:11:04.0041|0|INFO|Microsoft.Hosting.Lifetime|Application started. Press Ctrl+C to shut down. |url: |action: |Microsoft.Extensions.Hosting.Internal.ConsoleLifetime.OnApplicationStarted
2023-08-25 11:11:04.0214|0|INFO|Microsoft.Hosting.Lifetime|Hosting environment: Development |url: |action: |Microsoft.Extensions.Hosting.Internal.ConsoleLifetime.OnApplicationStarted
2023-08-25 11:11:04.0214|0|INFO|Microsoft.Hosting.Lifetime|Content root path: E:\VS2022\ToDoList\ToDoList |url: |action: |Microsoft.Extensions.Hosting.Internal.ApplicationLifetime.NotifyStarted
2023-08-25 11:11:04.8748|0|INFO|ToDoList.Service.Implementations.TaskService|Request for get all tasks |url: https://localhost/|action: TaskForm|ToDoList.Service.Implementations.TaskService.GetAll
2023-08-25 11:11:04.8783|0|INFO|ToDoList.Service.Implementations.TaskService|Get tasks: 25.08.2023 11:11:04 |url: https://localhost/|action: TaskForm|ToDoList.Service.Implementations.TaskService.GetAll
2023-08-25 13:06:55.9760|0|INFO|Microsoft.Hosting.Lifetime|Application started. Press Ctrl+C to shut down. |url: |action: |Microsoft.Extensions.Hosting.Internal.ConsoleLifetime.OnApplicationStarted
2023-08-25 13:06:56.0156|0|INFO|Microsoft.Hosting.Lifetime|Hosting environment: Development |url: |action: |Microsoft.Extensions.Hosting.Internal.ConsoleLifetime.OnApplicationStarted
2023-08-25 13:06:56.0156|0|INFO|Microsoft.Hosting.Lifetime|Content root path: E:\VS2022\ToDoList\ToDoList |url: |action: |Microsoft.Extensions.Hosting.Internal.ApplicationLifetime.NotifyStarted
2023-08-25 13:06:57.5656|0|INFO|ToDoList.Service.Implementations.TaskService|Request for get all tasks |url: https://localhost/|action: TaskForm|ToDoList.Service.Implementations.TaskService.GetAll
2023-08-25 13:06:57.5656|0|INFO|ToDoList.Service.Implementations.TaskService|Get tasks: 25.08.2023 13:06:57 |url: https://localhost/|action: TaskForm|ToDoList.Service.Implementations.TaskService.GetAll
2023-08-25 13:08:22.2714|0|INFO|Microsoft.Hosting.Lifetime|Application started. Press Ctrl+C to shut down. |url: |action: |Microsoft.Extensions.Hosting.Internal.ConsoleLifetime.OnApplicationStarted
2023-08-25 13:08:22.2714|0|INFO|Microsoft.Hosting.Lifetime|Hosting environment: Development |url: |action: |Microsoft.Extensions.Hosting.Internal.ConsoleLifetime.OnApplicationStarted
2023-08-25 13:08:22.2714|0|INFO|Microsoft.Hosting.Lifetime|Content root path: E:\VS2022\ToDoList\ToDoList |url: |action: |Microsoft.Extensions.Hosting.Internal.ApplicationLifetime.NotifyStarted
2023-08-25 13:08:25.7090|0|INFO|ToDoList.Service.Implementations.TaskService|Request for get all tasks |url: https://localhost/|action: TaskForm|ToDoList.Service.Implementations.TaskService.GetAll
2023-08-25 13:08:25.7090|0|INFO|ToDoList.Service.Implementations.TaskService|Get tasks: 25.08.2023 13:08:25 |url: https://localhost/|action: TaskForm|ToDoList.Service.Implementations.TaskService.GetAll
2023-08-25 13:09:08.5879|0|INFO|ToDoList.Service.Implementations.TaskService|Request for end a task - Саша Пономарев |url: https://localhost/Task/EndTask/30013|action: EndTask|ToDoList.Service.Implementations.TaskService.EndTask
2023-08-25 13:09:08.6605|0|INFO|ToDoList.Service.Implementations.TaskService|End task: Саша Пономарев 25.08.2023 11:06:13 |url: https://localhost/Task/EndTask/30013|action: EndTask|ToDoList.Service.Implementations.TaskService.EndTask
2023-08-25 13:09:08.7136|0|INFO|ToDoList.Service.Implementations.TaskService|Request for get all tasks |url: https://localhost/|action: TaskForm|ToDoList.Service.Implementations.TaskService.GetAll
2023-08-25 13:09:08.7225|0|INFO|ToDoList.Service.Implementations.TaskService|Get tasks: 25.08.2023 13:09:08 |url: https://localhost/|action: TaskForm|ToDoList.Service.Implementations.TaskService.GetAll
2023-08-25 13:09:12.9881|0|INFO|ToDoList.Service.Implementations.TaskService|Request for delete a task - Саша Пономарев |url: https://localhost/Task/Delete/30013|action: Delete|ToDoList.Service.Implementations.TaskService.Delete
2023-08-25 13:09:13.0034|0|INFO|ToDoList.Service.Implementations.TaskService|Task deleted: Саша Пономарев 25.08.2023 11:06:13 |url: https://localhost/Task/Delete/30013|action: Delete|ToDoList.Service.Implementations.TaskService.Delete
2023-08-25 13:09:13.0194|0|INFO|ToDoList.Service.Implementations.TaskService|Request for get all tasks |url: https://localhost/|action: TaskForm|ToDoList.Service.Implementations.TaskService.GetAll
2023-08-25 13:09:13.0194|0|INFO|ToDoList.Service.Implementations.TaskService|Get tasks: 25.08.2023 13:09:13 |url: https://localhost/|action: TaskForm|ToDoList.Service.Implementations.TaskService.GetAll
2023-08-25 13:13:31.2982|0|INFO|Microsoft.Hosting.Lifetime|Application started. Press Ctrl+C to shut down. |url: |action: |Microsoft.Extensions.Hosting.Internal.ConsoleLifetime.OnApplicationStarted
2023-08-25 13:13:31.3127|0|INFO|Microsoft.Hosting.Lifetime|Hosting environment: Development |url: |action: |Microsoft.Extensions.Hosting.Internal.ConsoleLifetime.OnApplicationStarted
2023-08-25 13:13:31.3127|0|INFO|Microsoft.Hosting.Lifetime|Content root path: E:\VS2022\ToDoList\ToDoList |url: |action: |Microsoft.Extensions.Hosting.Internal.ApplicationLifetime.NotifyStarted
2023-08-25 13:13:32.1840|0|INFO|ToDoList.Service.Implementations.TaskService|Request for get all tasks |url: https://localhost/|action: TaskForm|ToDoList.Service.Implementations.TaskService.GetAll
2023-08-25 13:13:32.1917|0|INFO|ToDoList.Service.Implementations.TaskService|Get tasks: 25.08.2023 13:13:32 |url: https://localhost/|action: TaskForm|ToDoList.Service.Implementations.TaskService.GetAll
2023-08-25 13:17:14.0137|0|INFO|Microsoft.Hosting.Lifetime|Application started. Press Ctrl+C to shut down. |url: |action: |Microsoft.Extensions.Hosting.Internal.ConsoleLifetime.OnApplicationStarted
2023-08-25 13:17:14.0325|0|INFO|Microsoft.Hosting.Lifetime|Hosting environment: Development |url: |action: |Microsoft.Extensions.Hosting.Internal.ConsoleLifetime.OnApplicationStarted
2023-08-25 13:17:14.0325|0|INFO|Microsoft.Hosting.Lifetime|Content root path: E:\VS2022\ToDoList\ToDoList |url: |action: |Microsoft.Extensions.Hosting.Internal.ApplicationLifetime.NotifyStarted
2023-08-25 13:17:14.9613|0|INFO|ToDoList.Service.Implementations.TaskService|Request for get all tasks |url: https://localhost/|action: TaskForm|ToDoList.Service.Implementations.TaskService.GetAll
2023-08-25 13:17:14.9613|0|INFO|ToDoList.Service.Implementations.TaskService|Get tasks: 25.08.2023 13:17:14 |url: https://localhost/|action: TaskForm|ToDoList.Service.Implementations.TaskService.GetAll
